13:03:30.654 [background-preinit] INFO  o.h.validator.internal.util.Version CorrelationId  - HV000001: Hibernate Validator 5.2.4.Final
13:03:31.130 [restartedMain] INFO  o.s.c.a.AnnotationConfigApplicationContext CorrelationId  - Refreshing org.springframework.context.annotation.AnnotationConfigApplicationContext@e1051a9: startup date [Thu Apr 13 13:03:31 IST 2017]; root of context hierarchy
13:03:31.409 [restartedMain] INFO  o.s.b.f.a.AutowiredAnnotationBeanPostProcessor CorrelationId  - JSR-330 'javax.inject.Inject' annotation found and supported for autowiring
13:03:31.459 [restartedMain] INFO  o.s.c.s.PostProcessorRegistrationDelegate$BeanPostProcessorChecker CorrelationId  - Bean 'configurationPropertiesRebinderAutoConfiguration' of type [class org.springframework.cloud.autoconfigure.ConfigurationPropertiesRebinderAutoConfiguration$$EnhancerBySpringCGLIB$$6856439b] is not eligible for getting processed by all BeanPostProcessors (for example: not eligible for auto-proxying)
13:03:32.540 [restartedMain] INFO  c.a.l.t.TimeRecordsApplication CorrelationId  - No active profile set, falling back to default profiles: default
13:03:32.573 [restartedMain] INFO  o.s.b.c.e.AnnotationConfigEmbeddedWebApplicationContext CorrelationId  - Refreshing org.springframework.boot.context.embedded.AnnotationConfigEmbeddedWebApplicationContext@44b2a416: startup date [Thu Apr 13 13:03:32 IST 2017]; parent: org.springframework.context.annotation.AnnotationConfigApplicationContext@e1051a9
13:03:36.091 [restartedMain] INFO  o.s.b.f.s.DefaultListableBeanFactory CorrelationId  - Overriding bean definition for bean 'hystrixFeature' with a different definition: replacing [Root bean: class [null]; scope=; abstract=false; lazyInit=false; autowireMode=3; dependencyCheck=0; autowireCandidate=true; primary=false; factoryBeanName=org.springframework.cloud.netflix.hystrix.HystrixCircuitBreakerConfiguration$HystrixWebConfiguration; factoryMethodName=hystrixFeature; initMethodName=null; destroyMethodName=(inferred); defined in class path resource [org/springframework/cloud/netflix/hystrix/HystrixCircuitBreakerConfiguration$HystrixWebConfiguration.class]] with [Root bean: class [null]; scope=; abstract=false; lazyInit=false; autowireMode=3; dependencyCheck=0; autowireCandidate=true; primary=false; factoryBeanName=org.springframework.cloud.netflix.hystrix.HystrixCircuitBreakerConfiguration; factoryMethodName=hystrixFeature; initMethodName=null; destroyMethodName=(inferred); defined in class path resource [org/springframework/cloud/netflix/hystrix/HystrixCircuitBreakerConfiguration.class]]
13:03:36.608 [restartedMain] INFO  o.s.b.f.s.DefaultListableBeanFactory CorrelationId  - Overriding bean definition for bean 'ignoredPathsWebSecurityConfigurerAdapter' with a different definition: replacing [Root bean: class [null]; scope=; abstract=false; lazyInit=false; autowireMode=3; dependencyCheck=0; autowireCandidate=true; primary=false; factoryBeanName=org.springframework.boot.autoconfigure.security.SpringBootWebSecurityConfiguration; factoryMethodName=ignoredPathsWebSecurityConfigurerAdapter; initMethodName=null; destroyMethodName=(inferred); defined in class path resource [org/springframework/boot/autoconfigure/security/SpringBootWebSecurityConfiguration.class]] with [Root bean: class [null]; scope=; abstract=false; lazyInit=false; autowireMode=3; dependencyCheck=0; autowireCandidate=true; primary=false; factoryBeanName=org.springframework.boot.actuate.autoconfigure.ManagementWebSecurityAutoConfiguration; factoryMethodName=ignoredPathsWebSecurityConfigurerAdapter; initMethodName=null; destroyMethodName=(inferred); defined in class path resource [org/springframework/boot/actuate/autoconfigure/ManagementWebSecurityAutoConfiguration.class]]
13:03:37.020 [restartedMain] WARN  o.s.c.a.ConfigurationClassPostProcessor CorrelationId  - Cannot enhance @Configuration bean definition 'refreshScope' since its singleton instance has been created too early. The typical cause is a non-static @Bean method with a BeanDefinitionRegistryPostProcessor return type: Consider declaring such methods as 'static'.
13:03:37.575 [restartedMain] INFO  o.s.cloud.context.scope.GenericScope CorrelationId  - BeanFactory id=00e89c24-9c47-3cc4-a4ee-a9ace6a18761
13:03:37.726 [restartedMain] INFO  o.s.b.f.a.AutowiredAnnotationBeanPostProcessor CorrelationId  - JSR-330 'javax.inject.Inject' annotation found and supported for autowiring
13:03:37.877 [restartedMain] INFO  o.s.c.s.PostProcessorRegistrationDelegate$BeanPostProcessorChecker CorrelationId  - Bean 'org.springframework.ws.config.annotation.DelegatingWsConfiguration' of type [class org.springframework.ws.config.annotation.DelegatingWsConfiguration$$EnhancerBySpringCGLIB$$f0d4059d] is not eligible for getting processed by all BeanPostProcessors (for example: not eligible for auto-proxying)
13:03:38.085 [restartedMain] INFO  o.s.w.s.a.s.AnnotationActionEndpointMapping CorrelationId  - Supporting [WS-Addressing August 2004, WS-Addressing 1.0]
13:03:38.564 [restartedMain] INFO  o.s.c.s.PostProcessorRegistrationDelegate$BeanPostProcessorChecker CorrelationId  - Bean 'org.springframework.cloud.autoconfigure.ConfigurationPropertiesRebinderAutoConfiguration' of type [class org.springframework.cloud.autoconfigure.ConfigurationPropertiesRebinderAutoConfiguration$$EnhancerBySpringCGLIB$$6856439b] is not eligible for getting processed by all BeanPostProcessors (for example: not eligible for auto-proxying)
13:03:40.075 [restartedMain] INFO  o.s.b.c.e.t.TomcatEmbeddedServletContainer CorrelationId  - Tomcat initialized with port(s): 8095 (http)
13:03:40.087 [restartedMain] INFO  o.a.catalina.core.StandardService CorrelationId  - Starting service Tomcat
13:03:40.089 [restartedMain] INFO  o.a.catalina.core.StandardEngine CorrelationId  - Starting Servlet Engine: Apache Tomcat/8.5.6
13:03:40.651 [localhost-startStop-1] INFO  o.a.c.c.C.[Tomcat].[localhost].[/] CorrelationId  - Initializing Spring embedded WebApplicationContext
13:03:40.652 [localhost-startStop-1] INFO  o.s.web.context.ContextLoader CorrelationId  - Root WebApplicationContext: initialization completed in 8079 ms
13:03:41.693 [localhost-startStop-1] INFO  o.s.b.w.s.FilterRegistrationBean CorrelationId  - Mapping filter: 'metricsFilter' to: [/*]
13:03:41.694 [localhost-startStop-1] INFO  o.s.b.w.s.FilterRegistrationBean CorrelationId  - Mapping filter: 'characterEncodingFilter' to: [/*]
13:03:41.694 [localhost-startStop-1] INFO  o.s.b.w.s.FilterRegistrationBean CorrelationId  - Mapping filter: 'hiddenHttpMethodFilter' to: [/*]
13:03:41.695 [localhost-startStop-1] INFO  o.s.b.w.s.FilterRegistrationBean CorrelationId  - Mapping filter: 'httpPutFormContentFilter' to: [/*]
13:03:41.695 [localhost-startStop-1] INFO  o.s.b.w.s.FilterRegistrationBean CorrelationId  - Mapping filter: 'requestContextFilter' to: [/*]
13:03:41.697 [localhost-startStop-1] INFO  o.s.b.w.s.DelegatingFilterProxyRegistrationBean CorrelationId  - Mapping filter: 'springSecurityFilterChain' to: [/*]
13:03:41.698 [localhost-startStop-1] INFO  o.s.b.w.s.FilterRegistrationBean CorrelationId  - Mapping filter: 'webRequestLoggingFilter' to: [/*]
13:03:41.699 [localhost-startStop-1] INFO  o.s.b.w.s.FilterRegistrationBean CorrelationId  - Mapping filter: 'gatewayHeaderFilter' to urls: [/*]
13:03:41.699 [localhost-startStop-1] INFO  o.s.b.w.s.FilterRegistrationBean CorrelationId  - Mapping filter: 'applicationContextIdFilter' to: [/*]
13:03:41.700 [localhost-startStop-1] INFO  o.s.b.w.s.ServletRegistrationBean CorrelationId  - Mapping servlet: 'dispatcherServlet' to [/]
13:03:41.702 [localhost-startStop-1] INFO  o.s.b.w.s.ServletRegistrationBean CorrelationId  - Mapping servlet: 'messageDispatcherServlet' to [/services/*]
13:03:42.420 [restartedMain] INFO  c.c.client.core.CouchbaseCore CorrelationId  - CouchbaseEnvironment: {sslEnabled=false, sslKeystoreFile='null', sslKeystorePassword='null', queryEnabled=false, queryPort=8093, bootstrapHttpEnabled=true, bootstrapCarrierEnabled=true, bootstrapHttpDirectPort=8091, bootstrapHttpSslPort=18091, bootstrapCarrierDirectPort=11210, bootstrapCarrierSslPort=11207, ioPoolSize=4, computationPoolSize=4, responseBufferSize=16384, requestBufferSize=16384, kvServiceEndpoints=1, viewServiceEndpoints=1, queryServiceEndpoints=1, searchServiceEndpoints=1, ioPool=NioEventLoopGroup, coreScheduler=CoreScheduler, eventBus=DefaultEventBus, packageNameAndVersion=couchbase-java-client/2.2.8 (git: 2.2.8, core: 1.2.9), dcpEnabled=false, retryStrategy=BestEffort, maxRequestLifetime=75000, retryDelay=ExponentialDelay{growBy 1.0 MICROSECONDS, powers of 2; lower=100, upper=100000}, reconnectDelay=ExponentialDelay{growBy 1.0 MILLISECONDS, powers of 2; lower=32, upper=4096}, observeIntervalDelay=ExponentialDelay{growBy 1.0 MICROSECONDS, powers of 2; lower=10, upper=100000}, keepAliveInterval=30000, autoreleaseAfter=2000, bufferPoolingEnabled=true, tcpNodelayEnabled=true, mutationTokensEnabled=false, socketConnectTimeout=1000, dcpConnectionBufferSize=20971520, dcpConnectionBufferAckThreshold=0.2, dcpConnectionName=dcp/core-io, callbacksOnIoPool=false, queryTimeout=75000, viewTimeout=75000, kvTimeout=2500, connectTimeout=5000, disconnectTimeout=25000, dnsSrvEnabled=false}
13:03:43.399 [cb-io-1-1] INFO  com.couchbase.client.core.node.Node CorrelationId  - Connected to Node ec2-52-7-102-164.compute-1.amazonaws.com
13:03:43.716 [cb-io-1-1] INFO  com.couchbase.client.core.node.Node CorrelationId  - Disconnected from Node ec2-52-7-102-164.compute-1.amazonaws.com
13:03:45.975 [cb-io-1-2] INFO  com.couchbase.client.core.node.Node CorrelationId  - Connected to Node ec2-52-7-102-164.compute-1.amazonaws.com
13:03:46.546 [cb-computations-4] INFO  c.c.c.c.config.ConfigurationProvider CorrelationId  - Opened bucket attendance
13:03:47.367 [restartedMain] INFO  o.s.c.a.AnnotationConfigApplicationContext CorrelationId  - Refreshing org.springframework.context.annotation.AnnotationConfigApplicationContext@59c3fbbb: startup date [Thu Apr 13 13:03:47 IST 2017]; parent: org.springframework.boot.context.embedded.AnnotationConfigEmbeddedWebApplicationContext@44b2a416
13:03:47.401 [restartedMain] INFO  o.s.b.f.a.AutowiredAnnotationBeanPostProcessor CorrelationId  - JSR-330 'javax.inject.Inject' annotation found and supported for autowiring
13:03:47.572 [cb-io-1-4] WARN  c.c.client.core.endpoint.Endpoint CorrelationId  - [null][ViewEndpoint]: Socket connect took longer than specified timeout.
13:03:47.581 [cb-io-1-4] WARN  c.c.c.d.i.n.u.c.DefaultPromise CorrelationId  - An exception was thrown by com.couchbase.client.core.endpoint.AbstractEndpoint$2.operationComplete()
rx.exceptions.OnErrorNotImplementedException: connection timed out: ec2-52-7-102-164.compute-1.amazonaws.com/52.7.102.164:8092
	at rx.internal.util.InternalObservableUtils$ErrorNotImplementedAction.call(InternalObservableUtils.java:386)
	at rx.internal.util.InternalObservableUtils$ErrorNotImplementedAction.call(InternalObservableUtils.java:383)
	at rx.internal.util.ActionSubscriber.onError(ActionSubscriber.java:44)
	at rx.observers.SafeSubscriber._onError(SafeSubscriber.java:152)
	at rx.observers.SafeSubscriber.onError(SafeSubscriber.java:115)
	at rx.internal.operators.OnSubscribeMap$MapSubscriber.onError(OnSubscribeMap.java:88)
	at rx.internal.operators.OnSubscribeDoOnEach$DoOnEachSubscriber.onError(OnSubscribeDoOnEach.java:87)
	at rx.internal.operators.OperatorSingle$ParentSubscriber.onError(OperatorSingle.java:131)
	at rx.internal.operators.DeferredScalarSubscriber.onError(DeferredScalarSubscriber.java:67)
	at rx.internal.operators.OperatorMerge$MergeSubscriber.reportError(OperatorMerge.java:268)
	at rx.internal.operators.OperatorMerge$MergeSubscriber.checkTerminate(OperatorMerge.java:824)
	at rx.internal.operators.OperatorMerge$MergeSubscriber.emitLoop(OperatorMerge.java:585)
	at rx.internal.operators.OperatorMerge$MergeSubscriber.emit(OperatorMerge.java:574)
	at rx.internal.operators.OperatorMerge$InnerSubscriber.onError(OperatorMerge.java:858)
	at rx.internal.operators.OperatorSingle$ParentSubscriber.onError(OperatorSingle.java:131)
	at rx.internal.operators.DeferredScalarSubscriber.onError(DeferredScalarSubscriber.java:67)
	at rx.internal.operators.OperatorMerge$MergeSubscriber.reportError(OperatorMerge.java:268)
	at rx.internal.operators.OperatorMerge$MergeSubscriber.checkTerminate(OperatorMerge.java:824)
	at rx.internal.operators.OperatorMerge$MergeSubscriber.emitLoop(OperatorMerge.java:585)
	at rx.internal.operators.OperatorMerge$MergeSubscriber.emit(OperatorMerge.java:574)
	at rx.internal.operators.OperatorMerge$InnerSubscriber.onError(OperatorMerge.java:858)
	at rx.internal.operators.OnSubscribeMap$MapSubscriber.onError(OnSubscribeMap.java:88)
	at rx.internal.operators.OperatorSingle$ParentSubscriber.onError(OperatorSingle.java:131)
	at rx.internal.operators.DeferredScalarSubscriber.onError(DeferredScalarSubscriber.java:67)
	at rx.internal.operators.OperatorMerge$MergeSubscriber.reportError(OperatorMerge.java:268)
	at rx.internal.operators.OperatorMerge$MergeSubscriber.checkTerminate(OperatorMerge.java:824)
	at rx.internal.operators.OperatorMerge$MergeSubscriber.emitLoop(OperatorMerge.java:585)
	at rx.internal.operators.OperatorMerge$MergeSubscriber.emit(OperatorMerge.java:574)
	at rx.internal.operators.OperatorMerge$InnerSubscriber.onError(OperatorMerge.java:858)
	at rx.internal.operators.OnSubscribeMap$MapSubscriber.onError(OnSubscribeMap.java:88)
	at rx.internal.operators.OnSubscribeMap$MapSubscriber.onError(OnSubscribeMap.java:88)
	at rx.internal.operators.OperatorSingle$ParentSubscriber.onError(OperatorSingle.java:131)
	at rx.internal.operators.DeferredScalarSubscriber.onError(DeferredScalarSubscriber.java:67)
	at rx.observers.Subscribers$5.onError(Subscribers.java:230)
	at rx.subjects.SubjectSubscriptionManager$SubjectObserver.onError(SubjectSubscriptionManager.java:229)
	at rx.subjects.AsyncSubject.onError(AsyncSubject.java:119)
	at com.couchbase.client.core.endpoint.AbstractEndpoint$2.operationComplete(AbstractEndpoint.java:311)
	at com.couchbase.client.core.endpoint.AbstractEndpoint$2.operationComplete(AbstractEndpoint.java:277)
	at com.couchbase.client.deps.io.netty.util.concurrent.DefaultPromise.notifyListener0(DefaultPromise.java:683)
	at com.couchbase.client.deps.io.netty.util.concurrent.DefaultPromise.notifyListeners0(DefaultPromise.java:604)
	at com.couchbase.client.deps.io.netty.util.concurrent.DefaultPromise.notifyListeners(DefaultPromise.java:564)
	at com.couchbase.client.deps.io.netty.util.concurrent.DefaultPromise.tryFailure(DefaultPromise.java:425)
	at com.couchbase.client.deps.io.netty.channel.nio.AbstractNioChannel$AbstractNioUnsafe$1.run(AbstractNioChannel.java:222)
	at com.couchbase.client.deps.io.netty.util.concurrent.PromiseTask$RunnableAdapter.call(PromiseTask.java:38)
	at com.couchbase.client.deps.io.netty.util.concurrent.ScheduledFutureTask.run(ScheduledFutureTask.java:120)
	at com.couchbase.client.deps.io.netty.util.concurrent.SingleThreadEventExecutor.runAllTasks(SingleThreadEventExecutor.java:358)
	at com.couchbase.client.deps.io.netty.channel.nio.NioEventLoop.run(NioEventLoop.java:374)
	at com.couchbase.client.deps.io.netty.util.concurrent.SingleThreadEventExecutor$2.run(SingleThreadEventExecutor.java:112)
	at com.couchbase.client.deps.io.netty.util.concurrent.DefaultThreadFactory$DefaultRunnableDecorator.run(DefaultThreadFactory.java:137)
	at java.lang.Thread.run(Thread.java:745)
Caused by: com.couchbase.client.deps.io.netty.channel.ConnectTimeoutException: connection timed out: ec2-52-7-102-164.compute-1.amazonaws.com/52.7.102.164:8092
	at com.couchbase.client.deps.io.netty.channel.nio.AbstractNioChannel$AbstractNioUnsafe$1.run(AbstractNioChannel.java:220)
	... 7 common frames omitted
13:03:48.821 [restartedMain] INFO  o.s.c.a.AnnotationConfigApplicationContext CorrelationId  - Refreshing org.springframework.context.annotation.AnnotationConfigApplicationContext@7439cc4a: startup date [Thu Apr 13 13:03:48 IST 2017]; parent: org.springframework.boot.context.embedded.AnnotationConfigEmbeddedWebApplicationContext@44b2a416
13:03:48.839 [restartedMain] INFO  o.s.b.f.a.AutowiredAnnotationBeanPostProcessor CorrelationId  - JSR-330 'javax.inject.Inject' annotation found and supported for autowiring
13:03:48.878 [restartedMain] INFO  o.s.c.a.AnnotationConfigApplicationContext CorrelationId  - Refreshing org.springframework.context.annotation.AnnotationConfigApplicationContext@164d0e6: startup date [Thu Apr 13 13:03:48 IST 2017]; parent: org.springframework.boot.context.embedded.AnnotationConfigEmbeddedWebApplicationContext@44b2a416
13:03:48.897 [restartedMain] INFO  o.s.b.f.a.AutowiredAnnotationBeanPostProcessor CorrelationId  - JSR-330 'javax.inject.Inject' annotation found and supported for autowiring
13:03:50.244 [restartedMain] INFO  o.s.w.s.m.m.a.RequestMappingHandlerMapping CorrelationId  - Mapped "{[/timerecords],methods=[GET]}" onto public java.util.Collection<com.accenture.lari.timerecords.domain.Timerecords> com.accenture.lari.timerecords.resources.TimeRecordsController.getEmployeeAttendance()
13:03:50.246 [restartedMain] INFO  o.s.w.s.m.m.a.RequestMappingHandlerMapping CorrelationId  - Mapped "{[/timerecords/{empId}],methods=[GET]}" onto public java.util.Collection<com.accenture.lari.timerecords.domain.Timerecords> com.accenture.lari.timerecords.resources.TimeRecordsController.getEmployeeAttendance(java.lang.Integer)
13:03:50.247 [restartedMain] INFO  o.s.w.s.m.m.a.RequestMappingHandlerMapping CorrelationId  - Mapped "{[/timerecords],methods=[POST]}" onto public java.lang.Boolean com.accenture.lari.timerecords.resources.TimeRecordsController.submitEmployeeAttanceService(com.accenture.lari.timerecords.domain.Timerecords)
13:03:50.248 [restartedMain] INFO  o.s.w.s.m.m.a.RequestMappingHandlerMapping CorrelationId  - Mapped "{[/v2/api-docs],methods=[GET],produces=[application/json || application/hal+json]}" onto public org.springframework.http.ResponseEntity<springfox.documentation.spring.web.json.Json> springfox.documentation.swagger2.web.Swagger2Controller.getDocumentation(java.lang.String,javax.servlet.http.HttpServletRequest)
13:03:50.254 [restartedMain] INFO  o.s.w.s.m.m.a.RequestMappingHandlerMapping CorrelationId  - Mapped "{[/swagger-resources/configuration/security]}" onto org.springframework.http.ResponseEntity<springfox.documentation.swagger.web.SecurityConfiguration> springfox.documentation.swagger.web.ApiResourceController.securityConfiguration()
13:03:50.255 [restartedMain] INFO  o.s.w.s.m.m.a.RequestMappingHandlerMapping CorrelationId  - Mapped "{[/swagger-resources/configuration/ui]}" onto org.springframework.http.ResponseEntity<springfox.documentation.swagger.web.UiConfiguration> springfox.documentation.swagger.web.ApiResourceController.uiConfiguration()
13:03:50.258 [restartedMain] INFO  o.s.w.s.m.m.a.RequestMappingHandlerMapping CorrelationId  - Mapped "{[/swagger-resources]}" onto org.springframework.http.ResponseEntity<java.util.List<springfox.documentation.swagger.web.SwaggerResource>> springfox.documentation.swagger.web.ApiResourceController.swaggerResources()
13:03:50.264 [restartedMain] INFO  o.s.w.s.m.m.a.RequestMappingHandlerMapping CorrelationId  - Mapped "{[/error]}" onto public org.springframework.http.ResponseEntity<java.util.Map<java.lang.String, java.lang.Object>> org.springframework.boot.autoconfigure.web.BasicErrorController.error(javax.servlet.http.HttpServletRequest)
13:03:50.265 [restartedMain] INFO  o.s.w.s.m.m.a.RequestMappingHandlerMapping CorrelationId  - Mapped "{[/error],produces=[text/html]}" onto public org.springframework.web.servlet.ModelAndView org.springframework.boot.autoconfigure.web.BasicErrorController.errorHtml(javax.servlet.http.HttpServletRequest,javax.servlet.http.HttpServletResponse)
13:03:50.391 [restartedMain] WARN  c.n.c.sources.URLConfigurationSource CorrelationId  - No URLs will be polled as dynamic configuration sources.
13:03:50.392 [restartedMain] INFO  c.n.c.sources.URLConfigurationSource CorrelationId  - To enable URLs as dynamic configuration sources, define System property archaius.configurationSource.additionalUrls or make config.properties available on classpath.
13:03:50.404 [restartedMain] INFO  c.n.config.DynamicPropertyFactory CorrelationId  - DynamicPropertyFactory is initialized with configuration sources: com.netflix.config.ConcurrentCompositeConfiguration@32024e5c
13:03:52.239 [restartedMain] INFO  o.s.b.a.e.mvc.EndpointHandlerMapping CorrelationId  - Mapped "{[/mappings || /mappings.json],methods=[GET],produces=[application/json]}" onto public java.lang.Object org.springframework.boot.actuate.endpoint.mvc.EndpointMvcAdapter.invoke()
13:03:52.241 [restartedMain] INFO  o.s.b.a.e.mvc.EndpointHandlerMapping CorrelationId  - Mapped "{[/beans || /beans.json],methods=[GET],produces=[application/json]}" onto public java.lang.Object org.springframework.boot.actuate.endpoint.mvc.EndpointMvcAdapter.invoke()
13:03:52.243 [restartedMain] INFO  o.s.b.a.e.mvc.EndpointHandlerMapping CorrelationId  - Mapped "{[/configprops || /configprops.json],methods=[GET],produces=[application/json]}" onto public java.lang.Object org.springframework.boot.actuate.endpoint.mvc.EndpointMvcAdapter.invoke()
13:03:52.245 [restartedMain] INFO  o.s.b.a.e.mvc.EndpointHandlerMapping CorrelationId  - Mapped "{[/hystrix.stream/**]}" onto public org.springframework.web.servlet.ModelAndView org.springframework.cloud.netflix.endpoint.ServletWrappingEndpoint.handle(javax.servlet.http.HttpServletRequest,javax.servlet.http.HttpServletResponse) throws java.lang.Exception
13:03:52.248 [restartedMain] INFO  o.s.b.a.e.mvc.EndpointHandlerMapping CorrelationId  - Mapped "{[/restart || /restart.json],methods=[POST]}" onto public java.lang.Object org.springframework.cloud.context.restart.RestartMvcEndpoint.invoke()
13:03:52.250 [restartedMain] INFO  o.s.b.a.e.mvc.EndpointHandlerMapping CorrelationId  - Mapped "{[/refresh || /refresh.json],methods=[POST]}" onto public java.lang.Object org.springframework.cloud.endpoint.GenericPostableMvcEndpoint.invoke()
13:03:52.252 [restartedMain] INFO  o.s.b.a.e.mvc.EndpointHandlerMapping CorrelationId  - Mapped "{[/heapdump || /heapdump.json],methods=[GET],produces=[application/octet-stream]}" onto public void org.springframework.boot.actuate.endpoint.mvc.HeapdumpMvcEndpoint.invoke(boolean,javax.servlet.http.HttpServletRequest,javax.servlet.http.HttpServletResponse) throws java.io.IOException,javax.servlet.ServletException
13:03:52.253 [restartedMain] INFO  o.s.b.a.e.mvc.EndpointHandlerMapping CorrelationId  - Mapped "{[/resume || /resume.json],methods=[POST]}" onto public java.lang.Object org.springframework.cloud.endpoint.GenericPostableMvcEndpoint.invoke()
13:03:52.254 [restartedMain] INFO  o.s.b.a.e.mvc.EndpointHandlerMapping CorrelationId  - Mapped "{[/dump || /dump.json],methods=[GET],produces=[application/json]}" onto public java.lang.Object org.springframework.boot.actuate.endpoint.mvc.EndpointMvcAdapter.invoke()
13:03:52.257 [restartedMain] INFO  o.s.b.a.e.mvc.EndpointHandlerMapping CorrelationId  - Mapped "{[/pause || /pause.json],methods=[POST]}" onto public java.lang.Object org.springframework.cloud.endpoint.GenericPostableMvcEndpoint.invoke()
13:03:52.261 [restartedMain] INFO  o.s.b.a.e.mvc.EndpointHandlerMapping CorrelationId  - Mapped "{[/metrics/{name:.*}],methods=[GET],produces=[application/json]}" onto public java.lang.Object org.springframework.boot.actuate.endpoint.mvc.MetricsMvcEndpoint.value(java.lang.String)
13:03:52.262 [restartedMain] INFO  o.s.b.a.e.mvc.EndpointHandlerMapping CorrelationId  - Mapped "{[/metrics || /metrics.json],methods=[GET],produces=[application/json]}" onto public java.lang.Object org.springframework.boot.actuate.endpoint.mvc.EndpointMvcAdapter.invoke()
13:03:52.263 [restartedMain] INFO  o.s.b.a.e.mvc.EndpointHandlerMapping CorrelationId  - Mapped "{[/trace || /trace.json],methods=[GET],produces=[application/json]}" onto public java.lang.Object org.springframework.boot.actuate.endpoint.mvc.EndpointMvcAdapter.invoke()
13:03:52.264 [restartedMain] INFO  o.s.b.a.e.mvc.EndpointHandlerMapping CorrelationId  - Mapped "{[/archaius || /archaius.json],methods=[GET],produces=[application/json]}" onto public java.lang.Object org.springframework.boot.actuate.endpoint.mvc.EndpointMvcAdapter.invoke()
13:03:52.268 [restartedMain] INFO  o.s.b.a.e.mvc.EndpointHandlerMapping CorrelationId  - Mapped "{[/autoconfig || /autoconfig.json],methods=[GET],produces=[application/json]}" onto public java.lang.Object org.springframework.boot.actuate.endpoint.mvc.EndpointMvcAdapter.invoke()
13:03:52.270 [restartedMain] INFO  o.s.b.a.e.mvc.EndpointHandlerMapping CorrelationId  - Mapped "{[/logfile || /logfile.json],methods=[GET || HEAD]}" onto public void org.springframework.boot.actuate.endpoint.mvc.LogFileMvcEndpoint.invoke(javax.servlet.http.HttpServletRequest,javax.servlet.http.HttpServletResponse) throws javax.servlet.ServletException,java.io.IOException
13:03:52.271 [restartedMain] INFO  o.s.b.a.e.mvc.EndpointHandlerMapping CorrelationId  - Mapped "{[/env/{name:.*}],methods=[GET],produces=[application/json]}" onto public java.lang.Object org.springframework.boot.actuate.endpoint.mvc.EnvironmentMvcEndpoint.value(java.lang.String)
13:03:52.287 [restartedMain] INFO  o.s.b.a.e.mvc.EndpointHandlerMapping CorrelationId  - Mapped "{[/env || /env.json],methods=[GET],produces=[application/json]}" onto public java.lang.Object org.springframework.boot.actuate.endpoint.mvc.EndpointMvcAdapter.invoke()
13:03:52.289 [restartedMain] INFO  o.s.b.a.e.mvc.EndpointHandlerMapping CorrelationId  - Mapped "{[/env],methods=[POST]}" onto public java.lang.Object org.springframework.cloud.context.environment.EnvironmentManagerMvcEndpoint.value(java.util.Map<java.lang.String, java.lang.String>)
13:03:52.290 [restartedMain] INFO  o.s.b.a.e.mvc.EndpointHandlerMapping CorrelationId  - Mapped "{[/env/reset],methods=[POST]}" onto public java.util.Map<java.lang.String, java.lang.Object> org.springframework.cloud.context.environment.EnvironmentManagerMvcEndpoint.reset()
13:03:52.293 [restartedMain] INFO  o.s.b.a.e.mvc.EndpointHandlerMapping CorrelationId  - Mapped "{[/info || /info.json],methods=[GET],produces=[application/json]}" onto public java.lang.Object org.springframework.boot.actuate.endpoint.mvc.EndpointMvcAdapter.invoke()
13:03:52.295 [restartedMain] INFO  o.s.b.a.e.mvc.EndpointHandlerMapping CorrelationId  - Mapped "{[/features || /features.json],methods=[GET],produces=[application/json]}" onto public java.lang.Object org.springframework.boot.actuate.endpoint.mvc.EndpointMvcAdapter.invoke()
13:03:52.297 [restartedMain] INFO  o.s.b.a.e.mvc.EndpointHandlerMapping CorrelationId  - Mapped "{[/health || /health.json],produces=[application/json]}" onto public java.lang.Object org.springframework.boot.actuate.endpoint.mvc.HealthMvcEndpoint.invoke(java.security.Principal)
13:03:53.687 [restartedMain] INFO  o.s.w.s.m.m.a.RequestMappingHandlerAdapter CorrelationId  - Looking for @ControllerAdvice: org.springframework.boot.context.embedded.AnnotationConfigEmbeddedWebApplicationContext@44b2a416: startup date [Thu Apr 13 13:03:32 IST 2017]; parent: org.springframework.context.annotation.AnnotationConfigApplicationContext@e1051a9
13:03:53.871 [restartedMain] INFO  o.s.w.s.h.SimpleUrlHandlerMapping CorrelationId  - Mapped URL path [/webjars/**] onto handler of type [class org.springframework.web.servlet.resource.ResourceHttpRequestHandler]
13:03:53.871 [restartedMain] INFO  o.s.w.s.h.SimpleUrlHandlerMapping CorrelationId  - Mapped URL path [/**] onto handler of type [class org.springframework.web.servlet.resource.ResourceHttpRequestHandler]
13:03:53.973 [restartedMain] INFO  o.s.w.s.h.SimpleUrlHandlerMapping CorrelationId  - Mapped URL path [/**/favicon.ico] onto handler of type [class org.springframework.web.servlet.resource.ResourceHttpRequestHandler]
13:03:54.607 [restartedMain] INFO  o.s.b.a.s.AuthenticationManagerConfiguration CorrelationId  - 

Using default security password: e700b89b-cee1-4e79-be04-7478e065b683

13:03:55.428 [restartedMain] INFO  o.s.s.web.DefaultSecurityFilterChain CorrelationId  - Creating filter chain: OrRequestMatcher [requestMatchers=[Ant [pattern='/css/**'], Ant [pattern='/js/**'], Ant [pattern='/images/**'], Ant [pattern='/webjars/**'], Ant [pattern='/**/favicon.ico'], Ant [pattern='/error']]], []
13:03:55.638 [restartedMain] INFO  o.s.s.web.DefaultSecurityFilterChain CorrelationId  - Creating filter chain: org.springframework.security.web.util.matcher.AnyRequestMatcher@1, [org.springframework.security.web.context.request.async.WebAsyncManagerIntegrationFilter@413a500d, org.springframework.security.web.context.SecurityContextPersistenceFilter@688ef50, org.springframework.security.web.header.HeaderWriterFilter@ecc6e51, org.springframework.security.web.authentication.logout.LogoutFilter@1a0de69e, org.springframework.security.oauth2.provider.authentication.OAuth2AuthenticationProcessingFilter@1460b933, org.springframework.security.web.savedrequest.RequestCacheAwareFilter@4cac332f, org.springframework.security.web.servletapi.SecurityContextHolderAwareRequestFilter@5167ec65, org.springframework.security.web.authentication.AnonymousAuthenticationFilter@5f1fd069, org.springframework.security.web.session.SessionManagementFilter@2910193e, org.springframework.security.web.access.ExceptionTranslationFilter@5acb9128, org.springframework.security.web.access.intercept.FilterSecurityInterceptor@3d378323]
13:03:55.690 [restartedMain] INFO  o.s.s.web.DefaultSecurityFilterChain CorrelationId  - Creating filter chain: org.springframework.boot.actuate.autoconfigure.ManagementWebSecurityAutoConfiguration$LazyEndpointPathRequestMatcher@483b6d07, [org.springframework.security.web.context.request.async.WebAsyncManagerIntegrationFilter@6d2648f, org.springframework.security.web.context.SecurityContextPersistenceFilter@44fb5132, org.springframework.security.web.header.HeaderWriterFilter@5001dbd1, org.springframework.security.web.authentication.logout.LogoutFilter@5805fdff, org.springframework.security.web.authentication.www.BasicAuthenticationFilter@560acde5, org.springframework.security.web.savedrequest.RequestCacheAwareFilter@3af81b18, org.springframework.security.web.servletapi.SecurityContextHolderAwareRequestFilter@647980c5, org.springframework.security.web.authentication.AnonymousAuthenticationFilter@5d29fb0b, org.springframework.security.web.session.SessionManagementFilter@5551a870, org.springframework.security.web.access.ExceptionTranslationFilter@5185ef0a, org.springframework.security.web.access.intercept.FilterSecurityInterceptor@6450336b]
13:03:55.733 [restartedMain] INFO  o.s.s.web.DefaultSecurityFilterChain CorrelationId  - Creating filter chain: OrRequestMatcher [requestMatchers=[Ant [pattern='/**']]], [org.springframework.security.web.context.request.async.WebAsyncManagerIntegrationFilter@45d74a34, org.springframework.security.web.context.SecurityContextPersistenceFilter@4c6d4ccb, org.springframework.security.web.header.HeaderWriterFilter@d981dd6, org.springframework.security.web.authentication.logout.LogoutFilter@4bdac549, org.springframework.security.web.authentication.www.BasicAuthenticationFilter@6d77d3ed, org.springframework.security.web.savedrequest.RequestCacheAwareFilter@74fbee38, org.springframework.security.web.servletapi.SecurityContextHolderAwareRequestFilter@39c02bdc, org.springframework.security.web.authentication.AnonymousAuthenticationFilter@3ae479f1, org.springframework.security.web.session.SessionManagementFilter@5d65f1bc, org.springframework.security.web.access.ExceptionTranslationFilter@12c54d6b, org.springframework.security.web.access.intercept.FilterSecurityInterceptor@30261aa7]
13:03:57.127 [restartedMain] INFO  o.s.b.d.a.OptionalLiveReloadServer CorrelationId  - LiveReload server is running on port 35729
13:03:57.296 [restartedMain] WARN  c.n.c.sources.URLConfigurationSource CorrelationId  - No URLs will be polled as dynamic configuration sources.
13:03:57.297 [restartedMain] INFO  c.n.c.sources.URLConfigurationSource CorrelationId  - To enable URLs as dynamic configuration sources, define System property archaius.configurationSource.additionalUrls or make config.properties available on classpath.
13:03:57.602 [restartedMain] INFO  o.s.j.e.a.AnnotationMBeanExporter CorrelationId  - Registering beans for JMX exposure on startup
13:03:57.621 [restartedMain] INFO  o.s.j.e.a.AnnotationMBeanExporter CorrelationId  - Bean with name 'refreshScope' has been autodetected for JMX exposure
13:03:57.622 [restartedMain] INFO  o.s.j.e.a.AnnotationMBeanExporter CorrelationId  - Bean with name 'environmentManager' has been autodetected for JMX exposure
13:03:57.627 [restartedMain] INFO  o.s.j.e.a.AnnotationMBeanExporter CorrelationId  - Bean with name 'configurationPropertiesRebinder' has been autodetected for JMX exposure
13:03:57.629 [restartedMain] INFO  o.s.j.e.a.AnnotationMBeanExporter CorrelationId  - Bean with name 'refreshEndpoint' has been autodetected for JMX exposure
13:03:57.630 [restartedMain] INFO  o.s.j.e.a.AnnotationMBeanExporter CorrelationId  - Bean with name 'restartEndpoint' has been autodetected for JMX exposure
13:03:57.636 [restartedMain] INFO  o.s.j.e.a.AnnotationMBeanExporter CorrelationId  - Located managed bean 'environmentManager': registering with JMX server as MBean [org.springframework.cloud.context.environment:name=environmentManager,type=EnvironmentManager]
13:03:57.656 [restartedMain] INFO  o.s.j.e.a.AnnotationMBeanExporter CorrelationId  - Located managed bean 'restartEndpoint': registering with JMX server as MBean [org.springframework.cloud.context.restart:name=restartEndpoint,type=RestartEndpoint]
13:03:57.695 [restartedMain] INFO  o.s.j.e.a.AnnotationMBeanExporter CorrelationId  - Located managed bean 'refreshScope': registering with JMX server as MBean [org.springframework.cloud.context.scope.refresh:name=refreshScope,type=RefreshScope]
13:03:57.755 [restartedMain] INFO  o.s.j.e.a.AnnotationMBeanExporter CorrelationId  - Located managed bean 'configurationPropertiesRebinder': registering with JMX server as MBean [org.springframework.cloud.context.properties:name=configurationPropertiesRebinder,context=44b2a416,type=ConfigurationPropertiesRebinder]
13:03:57.772 [restartedMain] INFO  o.s.j.e.a.AnnotationMBeanExporter CorrelationId  - Located managed bean 'refreshEndpoint': registering with JMX server as MBean [org.springframework.cloud.endpoint:name=refreshEndpoint,type=RefreshEndpoint]
13:03:57.776 [restartedMain] INFO  o.s.b.a.e.jmx.EndpointMBeanExporter CorrelationId  - Registering beans for JMX exposure on startup
13:03:58.175 [restartedMain] INFO  o.s.c.s.DefaultLifecycleProcessor CorrelationId  - Starting beans in phase 0
13:03:58.188 [restartedMain] INFO  o.s.c.n.eureka.InstanceInfoFactory CorrelationId  - Setting initial instance status as: STARTING
13:03:58.611 [restartedMain] INFO  c.n.d.p.DiscoveryJerseyProvider CorrelationId  - Using JSON encoding codec LegacyJacksonJson
13:03:58.612 [restartedMain] INFO  c.n.d.p.DiscoveryJerseyProvider CorrelationId  - Using JSON decoding codec LegacyJacksonJson
13:03:58.920 [restartedMain] INFO  c.n.d.p.DiscoveryJerseyProvider CorrelationId  - Using XML encoding codec XStreamXml
13:03:58.920 [restartedMain] INFO  c.n.d.p.DiscoveryJerseyProvider CorrelationId  - Using XML decoding codec XStreamXml
13:03:59.398 [restartedMain] INFO  c.n.d.s.r.aws.ConfigClusterResolver CorrelationId  - Resolving eureka endpoints via configuration
13:03:59.879 [restartedMain] INFO  c.netflix.discovery.DiscoveryClient CorrelationId  - Disable delta property : false
13:03:59.880 [restartedMain] INFO  c.netflix.discovery.DiscoveryClient CorrelationId  - Single vip registry refresh property : null
13:03:59.880 [restartedMain] INFO  c.netflix.discovery.DiscoveryClient CorrelationId  - Force full registry fetch : false
13:03:59.881 [restartedMain] INFO  c.netflix.discovery.DiscoveryClient CorrelationId  - Application is null : false
13:03:59.882 [restartedMain] INFO  c.netflix.discovery.DiscoveryClient CorrelationId  - Registered Applications size is zero : true
13:03:59.883 [restartedMain] INFO  c.netflix.discovery.DiscoveryClient CorrelationId  - Application version is -1: true
13:03:59.884 [restartedMain] INFO  c.netflix.discovery.DiscoveryClient CorrelationId  - Getting all instance registry info from the eureka server
13:04:00.736 [restartedMain] INFO  c.netflix.discovery.DiscoveryClient CorrelationId  - The response status is 200
13:04:00.738 [restartedMain] INFO  c.netflix.discovery.DiscoveryClient CorrelationId  - Starting heartbeat executor: renew interval is: 30
13:04:00.741 [restartedMain] INFO  c.n.discovery.InstanceInfoReplicator CorrelationId  - InstanceInfoReplicator onDemand update allowed rate per min is 4
13:04:00.744 [restartedMain] INFO  c.netflix.discovery.DiscoveryClient CorrelationId  - Discovery Client initialized at timestamp 1492068840744 with initial instances count: 4
13:04:00.879 [restartedMain] INFO  o.s.c.n.e.EurekaDiscoveryClientConfiguration CorrelationId  - Registering application timerecords with eureka with status UP
13:04:00.881 [restartedMain] INFO  c.netflix.discovery.DiscoveryClient CorrelationId  - Saw local status change event StatusChangeEvent [timestamp=1492068840881, current=UP, previous=STARTING]
13:04:00.890 [restartedMain] INFO  o.s.b.a.e.jmx.EndpointMBeanExporter CorrelationId  - Located managed bean 'featuresEndpoint': registering with JMX server as MBean [org.springframework.boot:type=Endpoint,name=featuresEndpoint]
13:04:00.904 [restartedMain] INFO  o.s.b.a.e.jmx.EndpointMBeanExporter CorrelationId  - Located managed bean 'requestMappingEndpoint': registering with JMX server as MBean [org.springframework.boot:type=Endpoint,name=requestMappingEndpoint]
13:04:00.909 [restartedMain] INFO  o.s.b.a.e.jmx.EndpointMBeanExporter CorrelationId  - Located managed bean 'environmentEndpoint': registering with JMX server as MBean [org.springframework.boot:type=Endpoint,name=environmentEndpoint]
13:04:00.913 [restartedMain] INFO  o.s.b.a.e.jmx.EndpointMBeanExporter CorrelationId  - Located managed bean 'healthEndpoint': registering with JMX server as MBean [org.springframework.boot:type=Endpoint,name=healthEndpoint]
13:04:00.918 [DiscoveryClient-InstanceInfoReplicator-0] INFO  c.netflix.discovery.DiscoveryClient CorrelationId  - DiscoveryClient_TIMERECORDS/192.168.0.100:timerecords:8095: registering service...
13:04:00.923 [restartedMain] INFO  o.s.b.a.e.jmx.EndpointMBeanExporter CorrelationId  - Located managed bean 'beansEndpoint': registering with JMX server as MBean [org.springframework.boot:type=Endpoint,name=beansEndpoint]
13:04:00.929 [restartedMain] INFO  o.s.b.a.e.jmx.EndpointMBeanExporter CorrelationId  - Located managed bean 'infoEndpoint': registering with JMX server as MBean [org.springframework.boot:type=Endpoint,name=infoEndpoint]
13:04:00.934 [restartedMain] INFO  o.s.b.a.e.jmx.EndpointMBeanExporter CorrelationId  - Located managed bean 'metricsEndpoint': registering with JMX server as MBean [org.springframework.boot:type=Endpoint,name=metricsEndpoint]
13:04:00.938 [restartedMain] INFO  o.s.b.a.e.jmx.EndpointMBeanExporter CorrelationId  - Located managed bean 'traceEndpoint': registering with JMX server as MBean [org.springframework.boot:type=Endpoint,name=traceEndpoint]
13:04:00.950 [restartedMain] INFO  o.s.b.a.e.jmx.EndpointMBeanExporter CorrelationId  - Located managed bean 'dumpEndpoint': registering with JMX server as MBean [org.springframework.boot:type=Endpoint,name=dumpEndpoint]
13:04:00.956 [restartedMain] INFO  o.s.b.a.e.jmx.EndpointMBeanExporter CorrelationId  - Located managed bean 'autoConfigurationReportEndpoint': registering with JMX server as MBean [org.springframework.boot:type=Endpoint,name=autoConfigurationReportEndpoint]
13:04:00.960 [restartedMain] INFO  o.s.b.a.e.jmx.EndpointMBeanExporter CorrelationId  - Located managed bean 'configurationPropertiesReportEndpoint': registering with JMX server as MBean [org.springframework.boot:type=Endpoint,name=configurationPropertiesReportEndpoint]
13:04:00.965 [restartedMain] INFO  o.s.b.a.e.jmx.EndpointMBeanExporter CorrelationId  - Located managed bean 'archaiusEndpoint': registering with JMX server as MBean [org.springframework.boot:type=Endpoint,name=archaiusEndpoint]
13:04:00.981 [restartedMain] INFO  o.s.c.s.DefaultLifecycleProcessor CorrelationId  - Starting beans in phase 2147483647
13:04:00.981 [restartedMain] INFO  s.d.s.w.p.DocumentationPluginsBootstrapper CorrelationId  - Context refreshed
13:04:01.013 [restartedMain] INFO  s.d.s.w.p.DocumentationPluginsBootstrapper CorrelationId  - Found 1 custom documentation plugin(s)
13:04:01.105 [restartedMain] INFO  s.d.s.w.s.ApiListingReferenceScanner CorrelationId  - Scanning for api listing references
13:04:01.299 [DiscoveryClient-InstanceInfoReplicator-0] INFO  c.netflix.discovery.DiscoveryClient CorrelationId  - DiscoveryClient_TIMERECORDS/192.168.0.100:timerecords:8095 - registration status: 204
13:04:01.319 [restartedMain] INFO  s.d.s.w.r.o.CachingOperationNameGenerator CorrelationId  - Generating unique operation named: getEmployeeAttendanceUsingGET_1
13:04:01.394 [restartedMain] INFO  o.s.c.n.h.HystrixCircuitBreakerConfiguration$HystrixMetricsPollerConfiguration CorrelationId  - Starting poller
13:04:01.437 [restartedMain] INFO  o.a.coyote.http11.Http11NioProtocol CorrelationId  - Initializing ProtocolHandler ["http-nio-8095"]
13:04:01.459 [restartedMain] INFO  o.a.coyote.http11.Http11NioProtocol CorrelationId  - Starting ProtocolHandler [http-nio-8095]
13:04:01.565 [restartedMain] INFO  o.a.tomcat.util.net.NioSelectorPool CorrelationId  - Using a shared selector for servlet write/read
13:04:01.674 [restartedMain] INFO  o.s.b.c.e.t.TomcatEmbeddedServletContainer CorrelationId  - Tomcat started on port(s): 8095 (http)
13:04:01.676 [restartedMain] INFO  o.s.c.n.e.EurekaDiscoveryClientConfiguration CorrelationId  - Updating port to 8095
13:04:01.683 [restartedMain] INFO  c.a.l.t.TimeRecordsApplication CorrelationId  - Started TimeRecordsApplication in 33.439 seconds (JVM running for 36.927)
